This file contains any messages produced by compilers while
running configure, to aid debugging if configure makes a mistake.

It was created by configure, which was
generated by GNU Autoconf 2.68.  Invocation command line was

  $ ./configure 

## --------- ##
## Platform. ##
## --------- ##

hostname = f165174c52a8
uname -m = x86_64
uname -r = 5.15.0-41-generic
uname -s = Linux
uname -v = #44~20.04.1-Ubuntu SMP Fri Jun 24 13:27:29 UTC 2022

/usr/bin/uname -p = unknown
/bin/uname -X     = unknown

/bin/arch              = x86_64
/usr/bin/arch -k       = unknown
/usr/convex/getsysinfo = unknown
/usr/bin/hostinfo      = unknown
/bin/machine           = unknown
/usr/bin/oslevel       = unknown
/bin/universe          = unknown

PATH: /vscode/vscode-server/bin/linux-alpine/e4503b30fc78200f846c62cf8091b76ff5547662/bin/remote-cli
PATH: /usr/local/sbin
PATH: /usr/local/bin
PATH: /usr/sbin
PATH: /usr/bin
PATH: /sbin
PATH: /bin
PATH: /home/vscode/.local/bin


## ----------- ##
## Core tests. ##
## ----------- ##

configure:2273: checking build system type
configure:2287: result: x86_64-unknown-linux-gnu
configure:2307: checking host system type
configure:2320: result: x86_64-unknown-linux-gnu
configure:2340: checking target system type
configure:2353: result: x86_64-unknown-linux-gnu
configure:2393: checking OBJCDIR
configure:2400: result: /usr/local
configure:2434: checking whether to place libraries in lib
configure:2436: result: lib64
configure:2439: checking BINDIR
configure:2442: result: /usr/local/bin
configure:2447: checking LIBROOTDIR
configure:2454: result: /usr/local
configure:2457: checking LIBDIR
configure:2460: result: /usr/local/lib64
configure:2469: checking DATAROOTDIR
configure:2476: result: /usr/local/share
configure:2479: checking MANDIR
configure:2483: result: /usr/local/share/man
configure:2486: checking HDRDIR
configure:2489: result: /usr/local/include
configure:2492: checking whether make sets $(MAKE)
configure:2514: result: yes
configure:2533: checking for objc
configure:2549: found /usr/local/bin/objc
configure:2560: result: objc -q
configure:2579: checking for objc
configure:2597: found /usr/local/bin/objc
configure:2610: result: /usr/local/bin/objc
configure:2672: checking for gcc
configure:2688: found /usr/bin/gcc
configure:2699: result: gcc
configure:2928: checking for C compiler version
configure:2937: gcc --version >&5
gcc (Alpine 10.3.1_git20211027) 10.3.1 20211027
Copyright (C) 2020 Free Software Foundation, Inc.
This is free software; see the source for copying conditions.  There is NO
warranty; not even for MERCHANTABILITY or FITNESS FOR A PARTICULAR PURPOSE.

configure:2948: $? = 0
configure:2937: gcc -v >&5
Using built-in specs.
COLLECT_GCC=gcc
COLLECT_LTO_WRAPPER=/usr/libexec/gcc/x86_64-alpine-linux-musl/10.3.1/lto-wrapper
Target: x86_64-alpine-linux-musl
Configured with: /home/buildozer/aports/main/gcc/src/gcc-10.3.1_git20211027/configure --prefix=/usr --mandir=/usr/share/man --infodir=/usr/share/info --build=x86_64-alpine-linux-musl --host=x86_64-alpine-linux-musl --target=x86_64-alpine-linux-musl --with-pkgversion='Alpine 10.3.1_git20211027' --enable-checking=release --disable-fixed-point --disable-libstdcxx-pch --disable-multilib --disable-nls --disable-werror --disable-symvers --enable-__cxa_atexit --enable-default-pie --enable-default-ssp --enable-cloog-backend --enable-languages=c,c++,d,objc,go,fortran,ada --disable-libssp --disable-libmpx --disable-libmudflap --disable-libsanitizer --enable-shared --enable-threads --enable-tls --with-system-zlib --with-linker-hash-style=gnu
Thread model: posix
Supported LTO compression algorithms: zlib
gcc version 10.3.1 20211027 (Alpine 10.3.1_git20211027) 
configure:2948: $? = 0
configure:2937: gcc -V >&5
gcc: error: unrecognized command-line option '-V'
gcc: fatal error: no input files
compilation terminated.
configure:2948: $? = 1
configure:2937: gcc -qversion >&5
gcc: error: unrecognized command-line option '-qversion'; did you mean '--version'?
gcc: fatal error: no input files
compilation terminated.
configure:2948: $? = 1
configure:2968: checking whether the C compiler works
configure:2990: gcc    conftest.c  >&5
configure:2994: $? = 0
configure:3042: result: yes
configure:3045: checking for C compiler default output file name
configure:3047: result: a.out
configure:3053: checking for suffix of executables
configure:3060: gcc -o conftest    conftest.c  >&5
configure:3064: $? = 0
configure:3086: result: 
configure:3108: checking whether we are cross compiling
configure:3116: gcc -o conftest    conftest.c  >&5
configure:3120: $? = 0
configure:3127: ./conftest
configure:3131: $? = 0
configure:3146: result: no
configure:3151: checking for suffix of object files
configure:3173: gcc -c   conftest.c >&5
configure:3177: $? = 0
configure:3198: result: o
configure:3202: checking whether we are using the GNU C compiler
configure:3221: gcc -c   conftest.c >&5
configure:3221: $? = 0
configure:3230: result: yes
configure:3239: checking whether gcc accepts -g
configure:3259: gcc -c -g  conftest.c >&5
configure:3259: $? = 0
configure:3300: result: yes
configure:3317: checking for gcc option to accept ISO C89
configure:3381: gcc  -c -g -O2  conftest.c >&5
configure:3381: $? = 0
configure:3394: result: none needed
configure:3419: checking how to run the C preprocessor
configure:3450: gcc -E  conftest.c
configure:3450: $? = 0
configure:3464: gcc -E  conftest.c
conftest.c:9:10: fatal error: ac_nonexistent.h: No such file or directory
    9 | #include <ac_nonexistent.h>
      |          ^~~~~~~~~~~~~~~~~~
compilation terminated.
configure:3464: $? = 1
configure: failed program was:
| /* confdefs.h */
| #define PACKAGE_NAME ""
| #define PACKAGE_TARNAME ""
| #define PACKAGE_VERSION ""
| #define PACKAGE_STRING ""
| #define PACKAGE_BUGREPORT ""
| #define PACKAGE_URL ""
| /* end confdefs.h.  */
| #include <ac_nonexistent.h>
configure:3489: result: gcc -E
configure:3509: gcc -E  conftest.c
configure:3509: $? = 0
configure:3523: gcc -E  conftest.c
conftest.c:9:10: fatal error: ac_nonexistent.h: No such file or directory
    9 | #include <ac_nonexistent.h>
      |          ^~~~~~~~~~~~~~~~~~
compilation terminated.
configure:3523: $? = 1
configure: failed program was:
| /* confdefs.h */
| #define PACKAGE_NAME ""
| #define PACKAGE_TARNAME ""
| #define PACKAGE_VERSION ""
| #define PACKAGE_STRING ""
| #define PACKAGE_BUGREPORT ""
| #define PACKAGE_URL ""
| /* end confdefs.h.  */
| #include <ac_nonexistent.h>
configure:3553: checking whether preprocessor processes .m files
configure:3562: result: no
configure:3571: checking whether gcc -E supports -x c to turn off Objective-C mode
configure:3578: result: yes
configure:3698: checking testing whether C compiler supports short line tags
gcc -c st411354.i -o st411354.o
configure:3727: result: yes
configure:3730: checking testing whether C compiler supports long line tags
gcc -c lt411354.i -o lt411354.o
lt411354.i:1:1: error: stray '#' in program
    1 | #line 1 "foo.h"
      | ^
lt411354.i:1:7: error: expected '=', ',', ';', 'asm' or '__attribute__' before numeric constant
    1 | #line 1 "foo.h"
      |       ^
configure:3759: result: no
configure:3806: checking for rm
configure:3822: found /bin/rm
configure:3834: result: rm -f
configure:3844: checking for cp
configure:3860: found /bin/cp
configure:3872: result: cp -p
configure:3882: checking for cat
configure:3898: found /bin/cat
configure:3910: result: cat
configure:3920: checking for mkdir
configure:3936: found /bin/mkdir
configure:3948: result: mkdir
configure:3971: checking for a BSD-compatible install
configure:4039: result: /usr/bin/install -c
configure:4052: checking for ar
configure:4068: found /usr/bin/ar
configure:4080: result: ar cr
configure:4132: checking for echo
configure:4148: found /bin/echo
configure:4160: result: echo
configure:4213: checking for ranlib
configure:4229: found /usr/bin/ranlib
configure:4240: result: ranlib
configure:4320: checking for flex
configure:4336: found /usr/bin/flex
configure:4347: result: flex
configure:4361: checking for byacc
configure:4377: found /usr/bin/byacc
configure:4388: result: byacc -d
configure:4411: checking for nm
configure:4427: found /usr/bin/nm
configure:4438: result: nm
configure:4583: checking for grep that handles long lines and -e
configure:4641: result: /bin/grep
configure:4646: checking for egrep
configure:4708: result: /bin/grep -E
configure:4713: checking for ANSI C header files
configure:4733: gcc -c -g -O2  conftest.c >&5
configure:4733: $? = 0
configure:4806: gcc -o conftest -g -O2   conftest.c  >&5
configure:4806: $? = 0
configure:4806: ./conftest
configure:4806: $? = 0
configure:4817: result: yes
configure:4830: checking for sys/types.h
configure:4830: gcc -c -g -O2  conftest.c >&5
configure:4830: $? = 0
configure:4830: result: yes
configure:4830: checking for sys/stat.h
configure:4830: gcc -c -g -O2  conftest.c >&5
configure:4830: $? = 0
configure:4830: result: yes
configure:4830: checking for stdlib.h
configure:4830: gcc -c -g -O2  conftest.c >&5
configure:4830: $? = 0
configure:4830: result: yes
configure:4830: checking for string.h
configure:4830: gcc -c -g -O2  conftest.c >&5
configure:4830: $? = 0
configure:4830: result: yes
configure:4830: checking for memory.h
configure:4830: gcc -c -g -O2  conftest.c >&5
configure:4830: $? = 0
configure:4830: result: yes
configure:4830: checking for strings.h
configure:4830: gcc -c -g -O2  conftest.c >&5
configure:4830: $? = 0
configure:4830: result: yes
configure:4830: checking for inttypes.h
configure:4830: gcc -c -g -O2  conftest.c >&5
configure:4830: $? = 0
configure:4830: result: yes
configure:4830: checking for stdint.h
configure:4830: gcc -c -g -O2  conftest.c >&5
configure:4830: $? = 0
configure:4830: result: yes
configure:4830: checking for unistd.h
configure:4830: gcc -c -g -O2  conftest.c >&5
configure:4830: $? = 0
configure:4830: result: yes
configure:4845: checking for string.h
configure:4845: result: yes
configure:4845: checking stdarg.h usability
configure:4845: gcc -c -g -O2  conftest.c >&5
configure:4845: $? = 0
configure:4845: result: yes
configure:4845: checking stdarg.h presence
configure:4845: gcc -E  conftest.c
configure:4845: $? = 0
configure:4845: result: yes
configure:4845: checking for stdarg.h
configure:4845: result: yes
configure:4857: checking whether gcc and cc understand -c and -o together
configure:4888: gcc -c conftest.c -o conftest2.o >&5
configure:4892: $? = 0
configure:4898: gcc -c conftest.c -o conftest2.o >&5
configure:4902: $? = 0
configure:4913: cc -c conftest.c >&5
configure:4917: $? = 0
configure:4925: cc -c conftest.c -o conftest2.o >&5
configure:4929: $? = 0
configure:4935: cc -c conftest.c -o conftest2.o >&5
configure:4939: $? = 0
configure:4957: result: yes
configure:4967: checking for an ANSI C-conforming const
configure:5032: gcc -c -g -O2  conftest.c >&5
configure:5032: $? = 0
configure:5039: result: yes
configure:5051: checking for memcpy
configure:5051: gcc -o conftest -g -O2   conftest.c  >&5
conftest.c:44:6: warning: conflicting types for built-in function 'memcpy'; expected 'void *(void *, const void *, long unsigned int)' [-Wbuiltin-declaration-mismatch]
   44 | char memcpy ();
      |      ^~~~~~
conftest.c:32:1: note: 'memcpy' is declared in header '<string.h>'
   31 | # include <limits.h>
   32 | #else
configure:5051: $? = 0
configure:5051: result: yes
configure:5051: checking for memset
configure:5051: gcc -o conftest -g -O2   conftest.c  >&5
conftest.c:45:6: warning: conflicting types for built-in function 'memset'; expected 'void *(void *, int,  long unsigned int)' [-Wbuiltin-declaration-mismatch]
   45 | char memset ();
      |      ^~~~~~
conftest.c:33:1: note: 'memset' is declared in header '<string.h>'
   32 | # include <limits.h>
   33 | #else
configure:5051: $? = 0
configure:5051: result: yes
configure:5051: checking for snprintf
configure:5051: gcc -o conftest -g -O2   conftest.c  >&5
conftest.c:46:6: warning: conflicting types for built-in function 'snprintf'; expected 'int(char *, long unsigned int,  const char *, ...)' [-Wbuiltin-declaration-mismatch]
   46 | char snprintf ();
      |      ^~~~~~~~
conftest.c:34:1: note: 'snprintf' is declared in header '<stdio.h>'
   33 | # include <limits.h>
   34 | #else
configure:5051: $? = 0
configure:5051: result: yes
configure:5094: checking whether to use postlink
gcc x411354.c y411354.c -o x411354
y411354.c: In function 'main':
y411354.c:3:14: warning: implicit declaration of function 'exit' [-Wimplicit-function-declaration]
    3 | int main() { exit(a);return a; }
      |              ^~~~
y411354.c:3:14: warning: incompatible implicit declaration of built-in function 'exit'
y411354.c:2:1: note: include '<stdlib.h>' or provide a declaration of 'exit'
    1 | #include <stdio.h>
  +++ |+#include <stdlib.h>
    2 | int a;
/usr/lib/gcc/x86_64-alpine-linux-musl/10.3.1/../../../../x86_64-alpine-linux-musl/bin/ld: /tmp/ccoCBmhJ.o:(.bss+0x0): multiple definition of `a'; /tmp/ccJPDfPJ.o:(.data+0x0): first defined here
collect2: error: ld returned 1 exit status
gcc y411354.c x411354.c -o y411354
y411354.c: In function 'main':
y411354.c:3:14: warning: implicit declaration of function 'exit' [-Wimplicit-function-declaration]
    3 | int main() { exit(a);return a; }
      |              ^~~~
y411354.c:3:14: warning: incompatible implicit declaration of built-in function 'exit'
y411354.c:2:1: note: include '<stdlib.h>' or provide a declaration of 'exit'
    1 | #include <stdio.h>
  +++ |+#include <stdlib.h>
    2 | int a;
/usr/lib/gcc/x86_64-alpine-linux-musl/10.3.1/../../../../x86_64-alpine-linux-musl/bin/ld: /tmp/cckempgc.o:(.data+0x0): multiple definition of `a'; /tmp/cciJeNhk.o:(.bss+0x0): first defined here
collect2: error: ld returned 1 exit status
configure:5141: checking postlink whether to use postlink
configure:5149: result: yes
configure:5163: checking for _objcInit
configure:5163: gcc -o conftest -g -O2   conftest.c  >&5
/usr/lib/gcc/x86_64-alpine-linux-musl/10.3.1/../../../../x86_64-alpine-linux-musl/bin/ld: /tmp/ccNIPkFk.o: in function `main':
/workspace/objc-bootstrap-3.3.25/conftest.c:58: undefined reference to `_objcInit'
collect2: error: ld returned 1 exit status
configure:5163: $? = 1
configure: failed program was:
| /* confdefs.h */
| #define PACKAGE_NAME ""
| #define PACKAGE_TARNAME ""
| #define PACKAGE_VERSION ""
| #define PACKAGE_STRING ""
| #define PACKAGE_BUGREPORT ""
| #define PACKAGE_URL ""
| #define STDC_HEADERS 1
| #define HAVE_SYS_TYPES_H 1
| #define HAVE_SYS_STAT_H 1
| #define HAVE_STDLIB_H 1
| #define HAVE_STRING_H 1
| #define HAVE_MEMORY_H 1
| #define HAVE_STRINGS_H 1
| #define HAVE_INTTYPES_H 1
| #define HAVE_STDINT_H 1
| #define HAVE_UNISTD_H 1
| #define HAVE_STRING_H 1
| #define HAVE_STDARG_H 1
| #define HAVE_MEMCPY 1
| #define HAVE_MEMSET 1
| #define HAVE_SNPRINTF 1
| /* end confdefs.h.  */
| /* Define _objcInit to an innocuous variant, in case <limits.h> declares _objcInit.
|    For example, HP-UX 11i <limits.h> declares gettimeofday.  */
| #define _objcInit innocuous__objcInit
| 
| /* System header to define __stub macros and hopefully few prototypes,
|     which can conflict with char _objcInit (); below.
|     Prefer <limits.h> to <assert.h> if __STDC__ is defined, since
|     <limits.h> exists even on freestanding compilers.  */
| 
| #ifdef __STDC__
| # include <limits.h>
| #else
| # include <assert.h>
| #endif
| 
| #undef _objcInit
| 
| /* Override any GCC internal prototype to avoid an error.
|    Use char because int might match the return type of a GCC
|    builtin and then its argument prototype would still apply.  */
| #ifdef __cplusplus
| extern "C"
| #endif
| char _objcInit ();
| /* The GNU C library defines this for functions which it implements
|     to always fail with ENOSYS.  Some functions are actually named
|     something starting with __ and the normal name is an alias.  */
| #if defined __stub__objcInit || defined __stub____objcInit
| choke me
| #endif
| 
| int
| main ()
| {
| return _objcInit ();
|   ;
|   return 0;
| }
configure:5163: result: no
configure:5367: creating ./config.status

## ---------------------- ##
## Running config.status. ##
## ---------------------- ##

This file was extended by config.status, which was
generated by GNU Autoconf 2.68.  Invocation command line was

  CONFIG_FILES    = 
  CONFIG_HEADERS  = 
  CONFIG_LINKS    = 
  CONFIG_COMMANDS = 
  $ ./config.status 

on f165174c52a8

config.status:846: creating Makefile
config.status:846: creating objc

## ---------------- ##
## Cache variables. ##
## ---------------- ##

ac_cv_build='x86_64-unknown-linux-gnu'
ac_cv_c_compiler_gnu='yes'
ac_cv_c_const='yes'
ac_cv_env_CC_set=''
ac_cv_env_CC_value=''
ac_cv_env_CFLAGS_set=''
ac_cv_env_CFLAGS_value=''
ac_cv_env_CPPFLAGS_set=''
ac_cv_env_CPPFLAGS_value=''
ac_cv_env_CPP_set=''
ac_cv_env_CPP_value=''
ac_cv_env_LDFLAGS_set=''
ac_cv_env_LDFLAGS_value=''
ac_cv_env_LIB64NAME_set=''
ac_cv_env_LIB64NAME_value=''
ac_cv_env_LIBS_set=''
ac_cv_env_LIBS_value=''
ac_cv_env_build_alias_set=''
ac_cv_env_build_alias_value=''
ac_cv_env_host_alias_set=''
ac_cv_env_host_alias_value=''
ac_cv_env_target_alias_set=''
ac_cv_env_target_alias_value=''
ac_cv_func__objcInit='no'
ac_cv_func_memcpy='yes'
ac_cv_func_memset='yes'
ac_cv_func_snprintf='yes'
ac_cv_header_inttypes_h='yes'
ac_cv_header_memory_h='yes'
ac_cv_header_stdarg_h='yes'
ac_cv_header_stdc='yes'
ac_cv_header_stdint_h='yes'
ac_cv_header_stdlib_h='yes'
ac_cv_header_string_h='yes'
ac_cv_header_strings_h='yes'
ac_cv_header_sys_stat_h='yes'
ac_cv_header_sys_types_h='yes'
ac_cv_header_unistd_h='yes'
ac_cv_host='x86_64-unknown-linux-gnu'
ac_cv_informix='no'
ac_cv_longlinetags='no'
ac_cv_objext='o'
ac_cv_path_EGREP='/bin/grep -E'
ac_cv_path_GREP='/bin/grep'
ac_cv_path_XOBJC='/usr/local/bin/objc'
ac_cv_path_install='/usr/bin/install -c'
ac_cv_postlink='yes'
ac_cv_prefixed_names='no'
ac_cv_prog_AR='ar cr'
ac_cv_prog_CAT='cat'
ac_cv_prog_CP='cp -p'
ac_cv_prog_CPP='gcc -E'
ac_cv_prog_FINAL_AR='echo'
ac_cv_prog_LEX='flex'
ac_cv_prog_MKDIR='mkdir'
ac_cv_prog_NM='nm'
ac_cv_prog_OBJC='objc -q'
ac_cv_prog_RM='rm -f'
ac_cv_prog_YACC='byacc -d'
ac_cv_prog_ac_ct_CC='gcc'
ac_cv_prog_ac_ct_RANLIB='ranlib'
ac_cv_prog_cc_c89=''
ac_cv_prog_cc_g='yes'
ac_cv_prog_cc_gcc_c_o='yes'
ac_cv_prog_make_make_set='yes'
ac_cv_shortlinetags='yes'
ac_cv_target='x86_64-unknown-linux-gnu'

## ----------------- ##
## Output variables. ##
## ----------------- ##

AOUTNAME='a.out'
AR='ar cr'
BINDIR='/usr/local/bin'
BINDOTSUFFIX=''
CAKIT_IFLAGS='-I. -noI -I../../include/objcrt'
CAT='cat'
CC='gcc'
CCDOLLARFLAG='-fdollars-in-identifiers'
CCMINUSCFLAG='-c '
CCMINUSDFLAG='-D'
CCMINUSIFLAG='-I'
CCMINUSOFLAG='-o '
CFLAGS='-g -O2'
CP='cp -p'
CPP='gcc -E'
CPPFILTER=''
CPPFLAGS=''
CPPIMPORTFLAG='-x objective-c -Wno-import'
CPPMINUSOFLAG='> '
CPPSUFFIX='P'
CPPWANTSDOTC='1'
DATAROOTDIR='/usr/local/share'
DBG_MFLAGS='-DDEBUG -g'
DEFS='-DPACKAGE_NAME=\"\" -DPACKAGE_TARNAME=\"\" -DPACKAGE_VERSION=\"\" -DPACKAGE_STRING=\"\" -DPACKAGE_BUGREPORT=\"\" -DPACKAGE_URL=\"\" -DSTDC_HEADERS=1 -DHAVE_SYS_TYPES_H=1 -DHAVE_SYS_STAT_H=1 -DHAVE_STDLIB_H=1 -DHAVE_STRING_H=1 -DHAVE_MEMORY_H=1 -DHAVE_STRINGS_H=1 -DHAVE_INTTYPES_H=1 -DHAVE_STDINT_H=1 -DHAVE_UNISTD_H=1 -DHAVE_STRING_H=1 -DHAVE_STDARG_H=1 -DHAVE_MEMCPY=1 -DHAVE_MEMSET=1 -DHAVE_SNPRINTF=1'
DLARGS='-shared --build-id -lc'
DLFILE='objcdlso.ld'
DLXCCARGS=''
DLXLDARGS='-rdynamic -ldl'
DOTSHLIBSUFFIX='.so'
ECHO_C=''
ECHO_N='-n'
ECHO_T=''
EGREP='/bin/grep -E'
EXEEXT=''
EXTRA_MFLAGS=''
FINAL_AR='echo'
GCPREFIX='/usr/local'
GCPREFIXC='/usr/local'
GREP='/bin/grep'
HDRDIR='/usr/local/include'
INITCALL='_objcInit'
INSTALLDIR='/usr/local'
INSTALL_DATA='${INSTALL} -m 644'
INSTALL_PROGRAM='${INSTALL}'
INSTALL_SCRIPT='${INSTALL}'
LD='gcc'
LDFLAGS=''
LDMINUSOFLAG='-o '
LEX='flex'
LEXYYC='lex.yy.c'
LIB64NAME='lib64'
LIBDIR='/usr/local/lib64'
LIBOBJS=''
LIBROOTDIR='/usr/local'
LIBS=''
LIBSUFFIX='a'
LINKFORMAT='unix'
LTLIBOBJS=''
MANDIR='/usr/local/share/man'
MFLAGS='OPT_MFLAGS'
MKDIR='mkdir'
NAME='objc-3.3.25'
NM='nm'
OBJC1FILTER=''
OBJC1VERSION='3.3.25'
OBJC='objc -q'
OBJCDIR='/usr/local'
OBJCDIRC='/usr/local'
OBJCRTEXPORT=''
OBJCRT_IFLAGS='-noI'
OBJCRT_LINUX='1'
OBJCRT_PROTOTYPE_MESSENGER='1'
OBJCRT_SCOPE_OBJCMODULES_EXTERN='1'
OBJCRT_USE_MEMSET='1'
OBJCRT_USE_PREFIXED_NAMES='0'
OBJCRT_USE_SNPRINTF='1'
OBJCRT_USE_STDARG='1'
OBJCRT_USE_YYLESS='1'
OBJC_BOOTLIBS='-noLibs ../oclib/oclib.a ../objpak/objpak.a ../objcrt/objcrt.a'
OBJC_HAVE_SYSTEM_CALL='1'
OBJC_IFLAGS='-I. -noI -I../../include/objcrt -I../../include/objpak -I../oclib'
OBJEXT='o'
OBJPAK_IFLAGS='-noI -I../../include/objcrt'
OBJSUFFIX='o'
OCLIB_IFLAGS='-noI -I../../include/objcrt -I../../include/objpak'
OC_CCARGS=''
OC_CPARGS='-D__PORTABLE_OBJC__ -x c'
OC_LDARGS=''
OC_OCARGS='-gnu -shortTags'
OPT_MFLAGS='-DNDEBUG -O2'
PACKAGE_BUGREPORT=''
PACKAGE_NAME=''
PACKAGE_STRING=''
PACKAGE_TARNAME=''
PACKAGE_URL=''
PACKAGE_VERSION=''
PATHSEP='/'
PATHSEPC='/'
PATH_SEPARATOR=':'
PICFLAG='-fpic'
PICOCARGS=''
PLLDARGS=''
POSTLINK='1'
PRINTFSYSTEM=''
RANLIB='ranlib'
RM='rm -f'
RUNXSTR='n'
SET_MAKE=''
SHELL='/bin/sh'
SHORTCMDLINE='0'
SQLCC=''
SQLEXT='ec'
SQLINC=''
SQLLIBS=''
STATICFLAG='-static'
TARGET='x86_64-unknown-linux-gnu'
USELFLAG='1'
WARNING='DO NOT EDIT -- configure objc-3.3.25 x86_64-unknown-linux-gnu'
XOBJC='/usr/local/bin/objc'
YACC='byacc -d'
YTABC='y.tab.c'
YTABH='y.tab.h'
ac_ct_CC='gcc'
bindir='${exec_prefix}/bin'
build='x86_64-unknown-linux-gnu'
build_alias=''
build_cpu='x86_64'
build_os='linux-gnu'
build_vendor='unknown'
datadir='${datarootdir}'
datarootdir='${prefix}/share'
docdir='${datarootdir}/doc/${PACKAGE}'
dvidir='${docdir}'
exec_prefix='${prefix}'
host='x86_64-unknown-linux-gnu'
host_alias=''
host_cpu='x86_64'
host_os='linux-gnu'
host_vendor='unknown'
htmldir='${docdir}'
includedir='${prefix}/include'
infodir='${datarootdir}/info'
libdir='${exec_prefix}/lib'
libexecdir='${exec_prefix}/libexec'
localedir='${datarootdir}/locale'
localstatedir='${prefix}/var'
mandir='${datarootdir}/man'
oldincludedir='/usr/include'
pdfdir='${docdir}'
prefix='/usr/local'
program_transform_name='s,x,x,'
psdir='${docdir}'
sbindir='${exec_prefix}/sbin'
sharedstatedir='${prefix}/com'
sysconfdir='${prefix}/etc'
target='x86_64-unknown-linux-gnu'
target_alias=''
target_cpu='x86_64'
target_os='linux-gnu'
target_vendor='unknown'

## ----------- ##
## confdefs.h. ##
## ----------- ##

/* confdefs.h */
#define PACKAGE_NAME ""
#define PACKAGE_TARNAME ""
#define PACKAGE_VERSION ""
#define PACKAGE_STRING ""
#define PACKAGE_BUGREPORT ""
#define PACKAGE_URL ""
#define STDC_HEADERS 1
#define HAVE_SYS_TYPES_H 1
#define HAVE_SYS_STAT_H 1
#define HAVE_STDLIB_H 1
#define HAVE_STRING_H 1
#define HAVE_MEMORY_H 1
#define HAVE_STRINGS_H 1
#define HAVE_INTTYPES_H 1
#define HAVE_STDINT_H 1
#define HAVE_UNISTD_H 1
#define HAVE_STRING_H 1
#define HAVE_STDARG_H 1
#define HAVE_MEMCPY 1
#define HAVE_MEMSET 1
#define HAVE_SNPRINTF 1

configure: exit 0
